time="2024-11-21 09:21:35" level=info msg="已存在该标签名称"
time="2024-11-21 09:22:48" level=info msg="已存在该标签名称"
time="2024-11-21 09:25:12" level=info msg="状态只能为0或1"
time="2024-11-21 09:25:29" level=info msg="名称不能为空"
time="2024-11-21 09:25:29" level=info msg="状态只能为0或1"
time="2024-11-21 09:27:56" level=info msg="名称不能为空"
time="2024-11-21 09:28:06" level=info msg="状态只能为0或1"
time="2024-11-21 09:28:06" level=info msg="名称不能为空"
time="2024-11-21 09:28:12" level=info msg="状态只能为0或1"
time="2024-11-21 09:28:12" level=info msg="修改人不能为空"
time="2024-11-21 09:28:12" level=info msg="名称不能为空"
time="2024-11-21 09:28:33" level=info msg="状态只能为0或1"
time="2024-11-21 09:28:33" level=info msg="ID不能为空"
time="2024-11-21 09:28:33" level=info msg="修改人不能为空"
time="2024-11-21 09:28:33" level=info msg="名称不能为空"
time="2024-11-21 09:28:48" level=info msg="该标签不存在"
time="2024-11-21 09:29:19" level=info msg="Token错误"
time="2024-11-21 09:30:39" level=info msg="该标签不存在"
time="2024-11-21 09:30:51" level=info msg="该标签不存在"
time="2024-11-21 09:31:06" level=info msg="标签ID必须大于0"
time="2024-11-21 09:31:17" level=info msg="标题不能为空"
time="2024-11-21 09:31:28" level=info msg="标题不能为空"
time="2024-11-21 09:31:28" level=info msg="描述不能为空"
time="2024-11-21 09:31:28" level=info msg="内容不能为空"
time="2024-11-21 09:31:28" level=info msg="创建者不能为空"
