time="2024-11-25 10:39:58" level=info msg="图片类型错误"
time="2024-11-25 10:41:39" level=info msg="图片类型错误"
time="2024-11-25 10:44:30" level=info msg="图片类型错误"
time="2024-11-25 10:45:42" level=info msg="图片类型错误"
time="2024-11-25 10:46:23" level=info msg="图片类型错误"
time="2024-11-25 10:47:02" level=info msg="图片类型错误"
time="2024-11-25 10:47:45" level=info msg="图片类型错误"
time="2024-11-25 10:49:25" level=info msg="图片类型错误"
time="2024-11-25 16:26:12" level=info msg="封面图片不能为空"
time="2024-11-25 16:28:11" level=info msg="封面图片不能为空"
time="2024-11-25 16:34:42" level=info msg="封面图片不能为空"
time="2024-11-25 17:01:52" level=info msg="封面图片长度不能超过255字符"
time="2024-11-25 17:03:04" level=info msg="封面图片长度不能超过255字符"
time="2024-11-25 17:03:38" level=info msg="该标签不存在"
time="2024-11-25 17:03:50" level=info msg="该标签不存在"
time="2024-11-25 17:04:05" level=info msg="该标签不存在"
time="2024-11-25 17:04:16" level=info msg="strconv.Atoi: parsing \"\": invalid syntax"
time="2024-11-25 17:04:16" level=info msg="标签ID必须大于0"
time="2024-11-25 17:04:16" level=info msg="标题不能为空"
time="2024-11-25 17:04:16" level=info msg="描述不能为空"
time="2024-11-25 17:04:16" level=info msg="内容不能为空"
time="2024-11-25 17:04:16" level=info msg="创建者不能为空"
time="2024-11-25 17:05:02" level=info msg="strconv.Atoi: parsing \"\": invalid syntax"
time="2024-11-25 17:05:02" level=info msg="标签ID必须大于0"
time="2024-11-25 17:05:02" level=info msg="标题不能为空"
time="2024-11-25 17:05:02" level=info msg="描述不能为空"
time="2024-11-25 17:05:02" level=info msg="内容不能为空"
time="2024-11-25 17:05:02" level=info msg="创建者不能为空"
time="2024-11-25 17:05:59" level=info msg="strconv.Atoi: parsing \"\": invalid syntax"
time="2024-11-25 17:05:59" level=info msg="标签ID必须大于0"
time="2024-11-25 17:05:59" level=info msg="标题不能为空"
time="2024-11-25 17:05:59" level=info msg="描述不能为空"
time="2024-11-25 17:05:59" level=info msg="内容不能为空"
time="2024-11-25 17:05:59" level=info msg="创建者不能为空"
time="2024-11-25 17:12:08" level=info msg="strconv.Atoi: parsing \"\": invalid syntax"
time="2024-11-25 17:12:08" level=info msg="标签ID必须大于0"
time="2024-11-25 17:12:08" level=info msg="标题不能为空"
time="2024-11-25 17:12:08" level=info msg="描述不能为空"
time="2024-11-25 17:12:08" level=info msg="内容不能为空"
time="2024-11-25 17:12:08" level=info msg="创建者不能为空"
time="2024-11-25 17:12:08" level=info msg="封面图片不能为空"
